<?xml version="1.0" encoding="UTF-8"?>
<testng-results skipped="0" failed="0" ignored="0" total="1" passed="1">
  <reporter-output>
  </reporter-output>
  <suite name="testng" duration-ms="11425" started-at="2019-05-15T18:31:10Z" finished-at="2019-05-15T18:31:22Z">
    <groups>
    </groups>
    <test name="test" duration-ms="11425" started-at="2019-05-15T18:31:10Z" finished-at="2019-05-15T18:31:22Z">
      <class name="com.ChromeTest">
        <test-method status="PASS" signature="main()[pri:0, instance:com.ChromeTest@3c756e4d]" name="main" duration-ms="11402" started-at="2019-05-15T21:31:10Z" finished-at="2019-05-15T21:31:22Z">
          <reporter-output>
          </reporter-output>
        </test-method> <!-- main -->
      </class> <!-- com.ChromeTest -->
    </test> <!-- test -->
  </suite> <!-- testng -->
</testng-results>
